<?xml version="1.0" encoding="UTF-8"?>
<!-- Generated by org.testng.reporters.JUnitXMLReporter -->
<testsuite hostname="AF-727WG72" ignored="0" tests="5" failures="0" timestamp="13 sep 2017 09:45:52 GMT" time="2.69" errors="0">
  <testcase name="testEvaluate" time="0.008" classname="FirstTest"/>
  <testcase name="createTable" time="0.012" classname="FirstTest"/>
  <testcase name="fillDatabase" time="2.541" classname="FirstTest"/>
  <testcase name="checkDatabaseContent" time="0.093" classname="FirstTest"/>
  <testcase name="cleanUp" time="0.009" classname="FirstTest"/>
</testsuite>
